<?xml version="1.0" encoding="UTF-8"?>
<testsuite xmlns:xsi="http://www.w3.org/2001/XMLSchema-instance" xsi:noNamespaceSchemaLocation="https://maven.apache.org/surefire/maven-surefire-plugin/xsd/surefire-test-report-3.0.xsd" version="3.0" name="com.conference.usuarios.services.UserServiceTest" time="3.786" tests="6" errors="0" skipped="0" failures="0">
  <properties>
[...]
</properties>
  <testcase name="testIsEmailRegistered" classname="com.conference.usuarios.services.UserServiceTest" time="3.573">
    <system-out><![CDATA[isEmailRegistered
]]></system-out>
  </testcase>
  <testcase name="testFindAll" classname="com.conference.usuarios.services.UserServiceTest" time="0.023">
    <system-out><![CDATA[findAll
]]></system-out>
  </testcase>
  <testcase name="testLogin" classname="com.conference.usuarios.services.UserServiceTest" time="0.017">
    <system-out><![CDATA[login
]]></system-out>
  </testcase>
  <testcase name="testRegister" classname="com.conference.usuarios.services.UserServiceTest" time="0.059">
    <system-out><![CDATA[register
]]></system-out>
  </testcase>
  <testcase name="testFindById" classname="com.conference.usuarios.services.UserServiceTest" time="0.008">
    <system-out><![CDATA[findById
]]></system-out>
  </testcase>
  <testcase name="testExisting_Email_Register" classname="com.conference.usuarios.services.UserServiceTest" time="0.01">
    <system-out><![CDATA[register
]]></system-out>
  </testcase>
</testsuite>